
Circuit 1 cell sky130_fd_pr__nfet_01v8 and Circuit 2 cell sky130_fd_pr__nfet_01v8 are black boxes.
Equate elements:  no current cell.
Device classes sky130_fd_pr__nfet_01v8 and sky130_fd_pr__nfet_01v8 are equivalent.

Circuit 1 cell sky130_fd_pr__pfet_01v8 and Circuit 2 cell sky130_fd_pr__pfet_01v8 are black boxes.
Equate elements:  no current cell.
Device classes sky130_fd_pr__pfet_01v8 and sky130_fd_pr__pfet_01v8 are equivalent.
Flattening unmatched subcell sky130_fd_pr__nfet_01v8_NDDCQ2 in circuit LPF_DSRT_KEL11 (0)(3 instances)
Flattening unmatched subcell sky130_fd_pr__pfet_01v8_5KKSJS in circuit LPF_DSRT_KEL11 (0)(2 instances)

Class LPF_DSRT_KEL11 (0):  Merged 2 parallel devices.
Subcircuit summary:
Circuit 1: LPF_DSRT_KEL11                  |Circuit 2: LPF_test                        
-------------------------------------------|-------------------------------------------
sky130_fd_pr__nfet_01v8 (3->2)             |sky130_fd_pr__nfet_01v8 (3) **Mismatch**   
sky130_fd_pr__pfet_01v8 (2->1)             |sky130_fd_pr__pfet_01v8 (2) **Mismatch**   
Number of devices: 3 **Mismatch**          |Number of devices: 5 **Mismatch**          
Number of nets: 10 **Mismatch**            |Number of nets: 7 **Mismatch**             
---------------------------------------------------------------------------------------
NET mismatches: Class fragments follow (with fanout counts):
Circuit 1: LPF_DSRT_KEL11                  |Circuit 2: LPF_test                        

---------------------------------------------------------------------------------------
Net: Vb                                    |Net: net2                                  
  sky130_fd_pr__nfet_01v8/4 = 2            |  sky130_fd_pr__nfet_01v8/(1|3) = 3        
  sky130_fd_pr__pfet_01v8/4 = 1            |                                           
                                           |                                           
Net: M1/D                                  |Net: Vout                                  
  sky130_fd_pr__nfet_01v8/(1|3) = 1        |  sky130_fd_pr__nfet_01v8/(1|3) = 1        
                                           |  sky130_fd_pr__nfet_01v8/2 = 1            
                                           |  sky130_fd_pr__pfet_01v8/(1|3) = 1        
                                           |                                           
Net: M1/S                                  |Net: net1                                  
  sky130_fd_pr__nfet_01v8/(1|3) = 1        |  sky130_fd_pr__nfet_01v8/(1|3) = 1        
                                           |  sky130_fd_pr__pfet_01v8/2 = 2            
                                           |  sky130_fd_pr__pfet_01v8/(1|3) = 1        
                                           |                                           
Net: M5/D                                  |Net: 0                                     
  sky130_fd_pr__nfet_01v8/(1|3) = 1        |  sky130_fd_pr__nfet_01v8/4 = 3            
                                           |  sky130_fd_pr__nfet_01v8/(1|3) = 1        
                                           |                                           
Net: M5/S                                  |Net: VDD                                   
  sky130_fd_pr__nfet_01v8/(1|3) = 1        |  sky130_fd_pr__pfet_01v8/(1|3) = 2        
                                           |  sky130_fd_pr__pfet_01v8/4 = 2            
                                           |                                           
Net: M3/D                                  |(no matching net)                          
  sky130_fd_pr__pfet_01v8/(1|3) = 1        |                                           
                                           |                                           
Net: M3/S                                  |(no matching net)                          
  sky130_fd_pr__pfet_01v8/(1|3) = 1        |                                           
                                           |                                           
Net: M3/G                                  |(no matching net)                          
  sky130_fd_pr__pfet_01v8/2 = 1            |                                           
---------------------------------------------------------------------------------------
DEVICE mismatches: Class fragments follow (with node fanout counts):
Circuit 1: LPF_DSRT_KEL11                  |Circuit 2: LPF_test                        

---------------------------------------------------------------------------------------
Instance: sky130_fd_pr__pfet_01v8_5KKSJS:M |Instance: sky130_fd_pr__nfet_01v8:M2       
  (1,3) = (1,1)                            |  (1,3) = (3,3)                            
  2 = 1                                    |  2 = 3                                    
  4 = 3                                    |  4 = 4                                    
                                           |                                           
(no matching instance)                     |Instance: sky130_fd_pr__pfet_01v8:M3       
                                           |  (1,3) = (4,3)                            
                                           |  2 = 4                                    
                                           |  4 = 4                                    
                                           |                                           
                                           |                                           
(no matching instance)                     |Instance: sky130_fd_pr__pfet_01v8:M4       
                                           |  (1,3) = (4,4)                            
                                           |  2 = 4                                    
                                           |  4 = 4                                    
                                           |                                           
---------------------------------------------------------------------------------------
Netlists do not match.
Port matching may fail to disambiguate symmetries.

Subcircuit pins:
Circuit 1: LPF_DSRT_KEL11                  |Circuit 2: LPF_test                        
-------------------------------------------|-------------------------------------------
(no pin, node is M3/G)                     |VDD                                        
(no pin, node is (no pins))                |Vin                                        
(no pin, node is M3/G)                     |Vout                                       
---------------------------------------------------------------------------------------
Cell pin lists for LPF_DSRT_KEL11 and LPF_test altered to match.
Device classes LPF_DSRT_KEL11 and LPF_test are equivalent.

Final result: Top level cell failed pin matching.
